<?xml version="1.0" encoding="UTF-8"?>
<!-- Generated by org.testng.reporters.JUnitReportReporter -->
<testsuite skipped="0" hostname="LAPTOP-UDTRK5UC" name="runner.testrunner" tests="1" failures="0" timestamp="04 Apr 2019 10:45:53 GMT" time="20.195" errors="0">
  <testcase name="login" time="20.195" classname="runner.testrunner"/>
</testsuite> <!-- runner.testrunner -->
