<?xml version="1.0" encoding="UTF-8"?>
<!-- Generated by org.testng.reporters.JUnitReportReporter -->
<testsuite hostname="LAPTOP-UDTRK5UC" name="FreeCRMTest" tests="1" failures="0" timestamp="2 Apr 2019 09:57:54 GMT" time="329.770" errors="0">
  <testcase name="freeCrmTitleTest" time="329.770" classname="FreeCRMTest"/>
</testsuite> <!-- FreeCRMTest -->
