<?xml version="1.0" encoding="UTF-8"?>
<!-- Generated by org.testng.reporters.JUnitReportReporter -->
<testsuite skipped="0" hostname="LAPTOP-UDTRK5UC" name="MyRunner.testrunner" tests="1" failures="0" timestamp="04 Apr 2019 10:24:38 GMT" time="0.196" errors="0">
  <testcase name="feature" time="0.196" classname="MyRunner.testrunner"/>
</testsuite> <!-- MyRunner.testrunner -->
